[07-05-2018 11:59:54] PayPal\Core\PayPalHttpConnection : INFO: POST https://api.paypal.com/v1/oauth2/token
[07-05-2018 11:59:55] PayPal\Core\PayPalHttpConnection : INFO: Response Status 	: 200
[07-05-2018 11:59:55] PayPal\Core\PayPalHttpConnection : INFO: POST https://api.paypal.com/v1/payments/payment
[07-05-2018 11:59:55] PayPal\Core\PayPalHttpConnection : INFO: Response Status 	: 201
[11-05-2018 01:08:56] PayPal\Core\PayPalHttpConnection : INFO: POST https://api.paypal.com/v1/oauth2/token
[11-05-2018 01:08:57] PayPal\Core\PayPalHttpConnection : INFO: Response Status 	: 200
[11-05-2018 01:08:57] PayPal\Core\PayPalHttpConnection : INFO: POST https://api.paypal.com/v1/payments/payment
[11-05-2018 01:08:57] PayPal\Core\PayPalHttpConnection : INFO: Response Status 	: 201
[11-05-2018 01:11:34] PayPal\Core\PayPalHttpConnection : INFO: POST https://api.paypal.com/v1/payments/payment
[11-05-2018 01:11:35] PayPal\Core\PayPalHttpConnection : INFO: Response Status 	: 201
[11-05-2018 01:14:23] PayPal\Core\PayPalHttpConnection : INFO: GET https://api.paypal.com/v1/payments/payment/PAY-0X820743VD069781JLL2TIFY
[11-05-2018 01:14:24] PayPal\Core\PayPalHttpConnection : INFO: Response Status 	: 200
[11-05-2018 01:14:24] PayPal\Core\PayPalHttpConnection : INFO: PATCH https://api.paypal.com/v1/payments/payment/PAY-0X820743VD069781JLL2TIFY
[11-05-2018 01:14:24] PayPal\Core\PayPalHttpConnection : INFO: Response Status 	: 200
[11-05-2018 01:14:24] PayPal\Core\PayPalHttpConnection : INFO: GET https://api.paypal.com/v1/payments/payment/PAY-0X820743VD069781JLL2TIFY
[11-05-2018 01:14:25] PayPal\Core\PayPalHttpConnection : INFO: Response Status 	: 200
[11-05-2018 01:14:28] PayPal\Core\PayPalHttpConnection : INFO: GET https://api.paypal.com/v1/payments/payment/PAY-0X820743VD069781JLL2TIFY
[11-05-2018 01:14:29] PayPal\Core\PayPalHttpConnection : INFO: Response Status 	: 200
[11-05-2018 01:14:29] PayPal\Core\PayPalHttpConnection : INFO: PATCH https://api.paypal.com/v1/payments/payment/PAY-0X820743VD069781JLL2TIFY
[11-05-2018 01:14:29] PayPal\Core\PayPalHttpConnection : INFO: Response Status 	: 200
[11-05-2018 01:14:29] PayPal\Core\PayPalHttpConnection : INFO: GET https://api.paypal.com/v1/payments/payment/PAY-0X820743VD069781JLL2TIFY
[11-05-2018 01:14:30] PayPal\Core\PayPalHttpConnection : INFO: Response Status 	: 200
